app/build/intermediates/manifest_merge_blame_file/debug/manifest-merger-blame-debug-report.txt
1<?xml version="1.0" encoding="utf-8"?>
2<manifest xmlns:android="http://schemas.android.com/apk/res/android"
3    package="com.example.android.accelerometerplay"
4    android:versionCode="1"
5    android:versionName="1.0" >
6
7    <uses-sdk
8        android:minSdkVersion="26"
8-->src/main/AndroidManifest.xml
9        android:targetSdkVersion="26" />
9-->src/main/AndroidManifest.xml
10
11    <uses-permission android:name="android.permission.VIBRATE" />
11-->src/main/AndroidManifest.xml:28:1-78
11-->src/main/AndroidManifest.xml:28:18-59
12    <uses-permission android:name="android.permission.WAKE_LOCK" />
12-->src/main/AndroidManifest.xml:30:1-80
12-->src/main/AndroidManifest.xml:30:18-61
13
14    <application
14-->src/main/AndroidManifest.xml:6:5-25:19
15        android:debuggable="true"
16        android:icon="@mipmap/ic_launcher"
16-->src/main/AndroidManifest.xml:6:18-52
17        android:label="@string/app_name"
17-->src/main/AndroidManifest.xml:6:53-85
18        android:testOnly="true" >
19        <activity
19-->src/main/AndroidManifest.xml:7:9-12:24
20            android:name="com.example.android.accelerometerplay.AccelerometerPlayActivity"
20-->src/main/AndroidManifest.xml:8:13-54
21            android:label="@string/app_name"
21-->src/main/AndroidManifest.xml:9:13-45
22            android:screenOrientation="landscape"
22-->src/main/AndroidManifest.xml:10:13-50
23            android:theme="@android:style/Theme.NoTitleBar.Fullscreen" >
23-->src/main/AndroidManifest.xml:11:13-71
24        </activity>
25        <activity
25-->src/main/AndroidManifest.xml:13:9-23:20
26            android:name="com.example.android.accelerometerplay.SubActivity"
26-->src/main/AndroidManifest.xml:14:13-40
27            android:label="@string/app_name"
27-->src/main/AndroidManifest.xml:15:13-45
28            android:screenOrientation="landscape"
28-->src/main/AndroidManifest.xml:16:13-50
29            android:theme="@android:style/Theme.NoTitleBar.Fullscreen" >
29-->src/main/AndroidManifest.xml:17:13-71
30            <intent-filter>
30-->src/main/AndroidManifest.xml:18:13-21:29
31                <action android:name="android.intent.action.MAIN" />
31-->src/main/AndroidManifest.xml:19:17-69
31-->src/main/AndroidManifest.xml:19:25-66
32
33                <category android:name="android.intent.category.LAUNCHER" />
33-->src/main/AndroidManifest.xml:20:17-77
33-->src/main/AndroidManifest.xml:20:27-74
34            </intent-filter>
35        </activity>
36    </application>
37
38</manifest>